<?xml version="1.0" encoding="UTF-8"?>
<!-- Generated by org.testng.reporters.JUnitReportReporter -->
<testsuite hostname="EC2AMAZ-P0T1KA0" failures="0" tests="2" name="TestAmazon.TestAmazon" time="47.170" errors="0" timestamp="2023-04-25T14:15:15 UTC" skipped="0">
  <testcase classname="TestAmazon.TestAmazon" name="autocompletesuggestion" time="28.260"/>
  <system-out/>
  <testcase classname="TestAmazon.TestAmazon" name="readExcel" time="18.910"/>
  <system-out/>
</testsuite> <!-- TestAmazon.TestAmazon -->
