<?xml version="1.0" encoding="UTF-8"?>
<!-- Generated by org.testng.reporters.JUnitReportReporter -->
<testsuite hostname="EC2AMAZ-P0T1KA0" failures="0" tests="2" name="TestAmazon.TestAmazon" time="45.972" errors="0" timestamp="2023-04-25T21:20:36 UTC" skipped="0">
  <testcase classname="TestAmazon.TestAmazon" name="autocompletesuggestion" time="27.151"/>
  <system-out/>
  <testcase classname="TestAmazon.TestAmazon" name="readExcel" time="18.821"/>
  <system-out/>
</testsuite> <!-- TestAmazon.TestAmazon -->
